{
  "stats": {
    "suites": 2,
    "tests": 2,
    "passes": 2,
    "pending": 0,
    "failures": 0,
    "start": "2022-10-14T04:55:40.493Z",
    "end": "2022-10-14T04:57:25.483Z",
    "duration": 104990,
    "testsRegistered": 2,
    "passPercent": 100,
    "pendingPercent": 0,
    "other": 0,
    "hasOther": false,
    "skipped": 0,
    "hasSkipped": false
  },
  "results": [
    {
      "uuid": "c01f3955-0ad9-407b-99f9-e8cb1e06e0cd",
      "title": "",
      "fullFile": "cypress\\integration\\examples\\all.cy.js",
      "file": "cypress\\integration\\examples\\all.cy.js",
      "beforeHooks": [],
      "afterHooks": [],
      "tests": [],
      "suites": [
        {
          "uuid": "d85d6027-9822-416e-ae9a-b961f7727594",
          "title": "Login to Site, Log Out",
          "fullFile": "",
          "file": "",
          "beforeHooks": [],
          "afterHooks": [],
          "tests": [
            {
              "title": "Visits the automationpractice.com site, logs in, Adds t-shirt, checks out, logs out",
              "fullTitle": "Login to Site, Log Out Visits the automationpractice.com site, logs in, Adds t-shirt, checks out, logs out",
              "timedOut": null,
              "duration": 22343,
              "state": "passed",
              "speed": "slow",
              "pass": true,
              "fail": false,
              "pending": false,
              "context": null,
              "code": "//Visit the Automation Practice Website\ncy.visit(\"http://automationpractice.com/index.php\"); // Click Sign In\ncy.get(\"#header > div.nav > div > div > nav > div.header_user_info > a\").click(); // Enter UserName\ncy.get(\"#email\").click();\ncy.get(\"#email\").type('ken_villarruel@sbcglobal.net'); // Enter Password\ncy.get(\"#passwd\").click();\ncy.get(\"#passwd\").type('Twinlakes01!'); // Click Submit\ncy.get(\"#SubmitLogin > span > i\").click(); // Logout\ncy.get(\"#header > div.nav > div > div > nav > div:nth-child(2) > a\").click();",
              "err": {},
              "uuid": "76141615-7157-47be-a1ca-cec453c87a16",
              "parentUUID": "d85d6027-9822-416e-ae9a-b961f7727594",
              "isHook": false,
              "skipped": false
            }
          ],
          "suites": [],
          "passes": [
            "76141615-7157-47be-a1ca-cec453c87a16"
          ],
          "failures": [],
          "pending": [],
          "skipped": [],
          "duration": 22343,
          "root": false,
          "rootEmpty": false,
          "_timeout": 2000
        },
        {
          "uuid": "4205df7a-78c4-46ee-b6c6-c81cb10168d2",
          "title": "Login, Add t-shirt, checkout, logout",
          "fullFile": "",
          "file": "",
          "beforeHooks": [],
          "afterHooks": [],
          "tests": [
            {
              "title": "Visits the automationpractice.com site, logs in and logs out",
              "fullTitle": "Login, Add t-shirt, checkout, logout Visits the automationpractice.com site, logs in and logs out",
              "timedOut": null,
              "duration": 76450,
              "state": "passed",
              "speed": "slow",
              "pass": true,
              "fail": false,
              "pending": false,
              "context": null,
              "code": "//Visit the Automation Practice Website\ncy.visit(\"http://automationpractice.com/index.php\"); // Click Sign In\ncy.get(\"#header > div.nav > div > div > nav > div.header_user_info > a\").click(); // Wait Statement\ncy.wait(3000); // Enter UserName\ncy.get(\"#email\").click();\ncy.get(\"#email\").type('ken_villarruel@sbcglobal.net'); // Enter Password\ncy.get(\"#passwd\").click();\ncy.get(\"#passwd\").type('Twinlakes01!'); // Click Submit\ncy.get(\"#SubmitLogin > span > i\").click(); // Wait Statement\ncy.wait(3000); // Add T-Shirt to Cart\n// Nav to T-Shirts\ncy.visit(\"http://automationpractice.com/index.php?id_category=5&controller=category\"); // Wait Statement\ncy.wait(3000); // Click Add to Cart\n//cy.debug()\ncy.get(\"#center_column > ul > li > div > div.right-block > div.button-container > a.button.ajax_add_to_cart_button.btn.btn-default\").click(); // Wait Statement\ncy.wait(7000); // Click Proceed to Checkout\ncy.get(\"#layer_cart > div.clearfix > div.layer_cart_cart.col-xs-12.col-md-6 > div.button-container > a > span\").click(); // Wait Statement\ncy.wait(3000); // Scroll down 700 pixels\ncy.scrollTo(0, 700); // Click Proceed to Checkout\ncy.get(\"#center_column > p.cart_navigation.clearfix > a.button.btn.btn-default.standard-checkout.button-medium > span\").click(); // Wait Statement\ncy.wait(3000); // Click Proceed to Checkout\ncy.get(\"#center_column > form > p > button\").click(); // Check the \"Agree to Terms of Service\" Checkbox\ncy.get(\"#cgv\").click(); // Click Proceed to Checkout\ncy.get(\"#form > p > button\").click(); // Wait Statement\ncy.wait(3000); // Scroll down 700 pixels\ncy.scrollTo(0, 700); // Payment Method\n// Pay by Bank Wire\n//cy.get(\"#HOOK_PAYMENT > div: nth - child(1) > div > p > a\").click()\n// Nav to \"Confirm my Order\" Page\ncy.visit(\"http://automationpractice.com/index.php?fc=module&module=bankwire&controller=payment\"); // Wait Statement\ncy.wait(9000); // Click \"I Confirm My Order\"\ncy.get(\"#cart_navigation > button > span\").click(); // Wait Statement\ncy.wait(3000); // Logout\ncy.get(\"#header > div.nav > div > div > nav > div:nth-child(2) > a\").click();",
              "err": {},
              "uuid": "4b51fa89-f832-490d-b2b4-e2c7508ee882",
              "parentUUID": "4205df7a-78c4-46ee-b6c6-c81cb10168d2",
              "isHook": false,
              "skipped": false
            }
          ],
          "suites": [],
          "passes": [
            "4b51fa89-f832-490d-b2b4-e2c7508ee882"
          ],
          "failures": [],
          "pending": [],
          "skipped": [],
          "duration": 76450,
          "root": false,
          "rootEmpty": false,
          "_timeout": 2000
        }
      ],
      "passes": [],
      "failures": [],
      "pending": [],
      "skipped": [],
      "duration": 0,
      "root": true,
      "rootEmpty": true,
      "_timeout": 2000
    }
  ],
  "meta": {
    "mocha": {
      "version": "7.0.1"
    },
    "mochawesome": {
      "options": {
        "quiet": false,
        "reportFilename": "mochawesome",
        "saveHtml": true,
        "saveJson": true,
        "consoleReporter": "spec",
        "useInlineDiffs": false,
        "code": true
      },
      "version": "7.1.3"
    },
    "marge": {
      "options": null,
      "version": "6.2.0"
    }
  }
}